#
# There is insufficient memory for the Java Runtime Environment to continue.
# Native memory allocation (malloc) failed to allocate 1379504 bytes. Error detail: Chunk::new
# Possible reasons:
#   The system is out of physical RAM or swap space
#   This process is running with CompressedOops enabled, and the Java Heap may be blocking the growth of the native heap
# Possible solutions:
#   Reduce memory load on the system
#   Increase physical memory or swap space
#   Check if swap backing store is full
#   Decrease Java heap size (-Xmx/-Xms)
#   Decrease number of Java threads
#   Decrease Java thread stack sizes (-Xss)
#   Set larger code cache with -XX:ReservedCodeCacheSize=
#   JVM is running with Unscaled Compressed Oops mode in which the Java heap is
#     placed in the first 4GB address space. The Java Heap base address is the
#     maximum limit for the native heap growth. Please use -XX:HeapBaseMinAddress
#     to set the Java Heap base and to place the Java Heap above 4GB virtual address.
# This output file may be truncated or incomplete.
#
#  Out of Memory Error (arena.cpp:168), pid=8828, tid=21520
#
# JRE version: OpenJDK Runtime Environment Temurin-21.0.6+7 (21.0.6+7) (build 21.0.6+7-LTS)
# Java VM: OpenJDK 64-Bit Server VM Temurin-21.0.6+7 (21.0.6+7-LTS, mixed mode, sharing, tiered, compressed oops, compressed class ptrs, parallel gc, windows-amd64)
# No core dump will be written. Minidumps are not enabled by default on client versions of Windows
#

---------------  S U M M A R Y ------------

Command Line: --add-modules=ALL-SYSTEM --add-opens=java.base/java.util=ALL-UNNAMED --add-opens=java.base/java.lang=ALL-UNNAMED --add-opens=java.base/sun.nio.fs=ALL-UNNAMED -Declipse.application=org.eclipse.jdt.ls.core.id1 -Dosgi.bundles.defaultStartLevel=4 -Declipse.product=org.eclipse.jdt.ls.core.product -Djava.import.generatesMetadataFilesAtProjectRoot=false -DDetectVMInstallationsJob.disabled=true -Dfile.encoding=utf8 -XX:+UseParallelGC -XX:GCTimeRatio=4 -XX:AdaptiveSizePolicyWeight=90 -Dsun.zip.disableMemoryMapping=true -Xmx1G -Xms100m -Xlog:disable -javaagent:c:\Users\lijia\.vscode\extensions\redhat.java-1.41.1-win32-x64\lombok\lombok-1.18.36.jar -XX:+HeapDumpOnOutOfMemoryError -XX:HeapDumpPath=c:\Users\lijia\AppData\Roaming\Code\User\workspaceStorage\9d3810e9e887a6bb91ca0655306e05c0\redhat.java -Daether.dependencyCollector.impl=bf c:\Users\lijia\.vscode\extensions\redhat.java-1.41.1-win32-x64\server\plugins\org.eclipse.equinox.launcher_1.7.0.v20250331-1702.jar -configuration c:\Users\lijia\AppData\Roaming\Code\User\globalStorage\redhat.java\1.41.1\config_win -data c:\Users\lijia\AppData\Roaming\Code\User\workspaceStorage\9d3810e9e887a6bb91ca0655306e05c0\redhat.java\jdt_ws --pipe=\\.\pipe\lsp-6b630e61de678cfe7cf214d00b01eb26-sock

Host: 12th Gen Intel(R) Core(TM) i7-12700H, 20 cores, 15G,  Windows 11 , 64 bit Build 26100 (10.0.26100.3775)
Time: Tue Apr 29 23:54:02 2025  Windows 11 , 64 bit Build 26100 (10.0.26100.3775) elapsed time: 833.570429 seconds (0d 0h 13m 53s)

---------------  T H R E A D  ---------------

Current thread (0x00000222f49ce7f0):  JavaThread "C2 CompilerThread0" daemon [_thread_in_native, id=21520, stack(0x0000006c45200000,0x0000006c45300000) (1024K)]


Current CompileTask:
C2:833571 16739  s!   4       org.eclipse.jdt.internal.core.index.DiskIndex::readCategoryTable (743 bytes)

Stack: [0x0000006c45200000,0x0000006c45300000]
Native frames: (J=compiled Java code, j=interpreted, Vv=VM code, C=native code)
V  [jvm.dll+0x6cdee9]
V  [jvm.dll+0x8a83d1]
V  [jvm.dll+0x8aa8fe]
V  [jvm.dll+0x8aafe3]
V  [jvm.dll+0x27f706]
V  [jvm.dll+0xc500d]
V  [jvm.dll+0xc5543]
V  [jvm.dll+0x3b678c]
V  [jvm.dll+0x382935]
V  [jvm.dll+0x381d9a]
V  [jvm.dll+0x2479f0]
V  [jvm.dll+0x246fcf]
V  [jvm.dll+0x1c75ee]
V  [jvm.dll+0x25685a]
V  [jvm.dll+0x254dfa]
V  [jvm.dll+0x3f0256]
V  [jvm.dll+0x851f8b]
V  [jvm.dll+0x6cc5ed]
C  [ucrtbase.dll+0x37b0]
C  [KERNEL32.DLL+0x2e8d7]
C  [ntdll.dll+0xb14fc]


---------------  P R O C E S S  ---------------

Threads class SMR info:
_java_thread_list=0x00000222d5b99440, length=60, elements={
0x00000222f4922190, 0x00000222fb22d200, 0x00000222fb22ee90, 0x00000222fb2335c0,
0x00000222fb234210, 0x00000222fb235d50, 0x00000222f49cb9b0, 0x00000222f49ce7f0,
0x00000222f49d0ea0, 0x00000222fb3af8e0, 0x00000222fd1739b0, 0x00000222fd91c170,
0x00000222fdbd9510, 0x00000222fdbceac0, 0x00000222fdb9aca0, 0x00000222fde7bd40,
0x00000222fded0a50, 0x00000222fd957820, 0x00000222fd958540, 0x00000222fd9598f0,
0x00000222d4599700, 0x00000222d4597630, 0x00000222d4596910, 0x00000222d4596280,
0x00000222d4596fa0, 0x00000222d4599070, 0x00000222d4597cc0, 0x00000222d4598350,
0x00000222d45989e0, 0x00000222d46ed310, 0x00000222d46eabb0, 0x00000222d46eb8d0,
0x00000222d46ebf60, 0x00000222d46ec5f0, 0x00000222d46ecc80, 0x00000222d46e9e90,
0x00000222d46ea520, 0x00000222d46eb240, 0x00000222ff972650, 0x00000222ff9712a0,
0x00000222ff970c10, 0x00000222ff971930, 0x00000222ff970580, 0x00000222ff973370,
0x00000222d6d2dbb0, 0x00000222d6d2d520, 0x00000222d6d2ef60, 0x00000222d6d2c800,
0x00000222d6d309a0, 0x00000222d6d316c0, 0x00000222d6d31d50, 0x00000222d8a2c1f0,
0x00000222d8a310b0, 0x00000222d8a2fd00, 0x00000222fd6bda80, 0x00000222fd6bac90,
0x00000222fd6bd3f0, 0x00000222fd6be7a0, 0x00000222fd6bb320, 0x00000222fd6bc6d0
}

Java Threads: ( => current thread )
  0x00000222f4922190 JavaThread "main"                              [_thread_blocked, id=22456, stack(0x0000006c44800000,0x0000006c44900000) (1024K)]
  0x00000222fb22d200 JavaThread "Reference Handler"          daemon [_thread_blocked, id=2480, stack(0x0000006c44c00000,0x0000006c44d00000) (1024K)]
  0x00000222fb22ee90 JavaThread "Finalizer"                  daemon [_thread_blocked, id=7316, stack(0x0000006c44d00000,0x0000006c44e00000) (1024K)]
  0x00000222fb2335c0 JavaThread "Signal Dispatcher"          daemon [_thread_blocked, id=5916, stack(0x0000006c44e00000,0x0000006c44f00000) (1024K)]
  0x00000222fb234210 JavaThread "Attach Listener"            daemon [_thread_blocked, id=14384, stack(0x0000006c44f00000,0x0000006c45000000) (1024K)]
  0x00000222fb235d50 JavaThread "Service Thread"             daemon [_thread_blocked, id=10148, stack(0x0000006c45000000,0x0000006c45100000) (1024K)]
  0x00000222f49cb9b0 JavaThread "Monitor Deflation Thread"   daemon [_thread_blocked, id=17728, stack(0x0000006c45100000,0x0000006c45200000) (1024K)]
=>0x00000222f49ce7f0 JavaThread "C2 CompilerThread0"         daemon [_thread_in_native, id=21520, stack(0x0000006c45200000,0x0000006c45300000) (1024K)]
  0x00000222f49d0ea0 JavaThread "C1 CompilerThread0"         daemon [_thread_blocked, id=22696, stack(0x0000006c45300000,0x0000006c45400000) (1024K)]
  0x00000222fb3af8e0 JavaThread "Common-Cleaner"             daemon [_thread_blocked, id=14532, stack(0x0000006c45500000,0x0000006c45600000) (1024K)]
  0x00000222fd1739b0 JavaThread "Notification Thread"        daemon [_thread_blocked, id=22692, stack(0x0000006c45900000,0x0000006c45a00000) (1024K)]
  0x00000222fd91c170 JavaThread "Active Thread: Equinox Container: d5a0c645-bf2c-4883-bf3d-4568ed1cd2c5"        [_thread_blocked, id=20832, stack(0x0000006c46200000,0x0000006c46300000) (1024K)]
  0x00000222fdbd9510 JavaThread "Refresh Thread: Equinox Container: d5a0c645-bf2c-4883-bf3d-4568ed1cd2c5" daemon [_thread_blocked, id=5520, stack(0x0000006c46300000,0x0000006c46400000) (1024K)]
  0x00000222fdbceac0 JavaThread "Framework Event Dispatcher: Equinox Container: d5a0c645-bf2c-4883-bf3d-4568ed1cd2c5" daemon [_thread_blocked, id=3656, stack(0x0000006c46400000,0x0000006c46500000) (1024K)]
  0x00000222fdb9aca0 JavaThread "Start Level: Equinox Container: d5a0c645-bf2c-4883-bf3d-4568ed1cd2c5" daemon [_thread_blocked, id=10980, stack(0x0000006c46500000,0x0000006c46600000) (1024K)]
  0x00000222fde7bd40 JavaThread "Bundle File Closer"         daemon [_thread_blocked, id=2080, stack(0x0000006c46600000,0x0000006c46700000) (1024K)]
  0x00000222fded0a50 JavaThread "SCR Component Actor"        daemon [_thread_blocked, id=7660, stack(0x0000006c46a00000,0x0000006c46b00000) (1024K)]
  0x00000222fd957820 JavaThread "Worker-JM"                         [_thread_blocked, id=5996, stack(0x0000006c46e00000,0x0000006c46f00000) (1024K)]
  0x00000222fd958540 JavaThread "JNA Cleaner"                daemon [_thread_blocked, id=13232, stack(0x0000006c47000000,0x0000006c47100000) (1024K)]
  0x00000222fd9598f0 JavaThread "Worker-3"                          [_thread_blocked, id=22288, stack(0x0000006c47700000,0x0000006c47800000) (1024K)]
  0x00000222d4599700 JavaThread "Thread-2"                   daemon [_thread_in_native, id=3048, stack(0x0000006c47c00000,0x0000006c47d00000) (1024K)]
  0x00000222d4597630 JavaThread "Thread-3"                   daemon [_thread_in_native, id=5684, stack(0x0000006c47d00000,0x0000006c47e00000) (1024K)]
  0x00000222d4596910 JavaThread "Thread-4"                   daemon [_thread_in_native, id=20400, stack(0x0000006c47e00000,0x0000006c47f00000) (1024K)]
  0x00000222d4596280 JavaThread "Thread-5"                   daemon [_thread_in_native, id=22916, stack(0x0000006c47f00000,0x0000006c48000000) (1024K)]
  0x00000222d4596fa0 JavaThread "Thread-6"                   daemon [_thread_in_native, id=13172, stack(0x0000006c48000000,0x0000006c48100000) (1024K)]
  0x00000222d4599070 JavaThread "Thread-7"                   daemon [_thread_in_native, id=2772, stack(0x0000006c48100000,0x0000006c48200000) (1024K)]
  0x00000222d4597cc0 JavaThread "Thread-8"                   daemon [_thread_in_native, id=10272, stack(0x0000006c48200000,0x0000006c48300000) (1024K)]
  0x00000222d4598350 JavaThread "Thread-9"                   daemon [_thread_in_native, id=21908, stack(0x0000006c48300000,0x0000006c48400000) (1024K)]
  0x00000222d45989e0 JavaThread "Thread-10"                  daemon [_thread_in_native, id=2204, stack(0x0000006c48400000,0x0000006c48500000) (1024K)]
  0x00000222d46ed310 JavaThread "Thread-11"                  daemon [_thread_in_native, id=10248, stack(0x0000006c48500000,0x0000006c48600000) (1024K)]
  0x00000222d46eabb0 JavaThread "Thread-12"                  daemon [_thread_in_native, id=21544, stack(0x0000006c48600000,0x0000006c48700000) (1024K)]
  0x00000222d46eb8d0 JavaThread "Thread-13"                  daemon [_thread_in_native, id=19908, stack(0x0000006c48700000,0x0000006c48800000) (1024K)]
  0x00000222d46ebf60 JavaThread "Thread-14"                  daemon [_thread_in_native, id=15548, stack(0x0000006c48800000,0x0000006c48900000) (1024K)]
  0x00000222d46ec5f0 JavaThread "Thread-15"                  daemon [_thread_in_native, id=14264, stack(0x0000006c48900000,0x0000006c48a00000) (1024K)]
  0x00000222d46ecc80 JavaThread "Thread-16"                  daemon [_thread_in_native, id=22040, stack(0x0000006c48a00000,0x0000006c48b00000) (1024K)]
  0x00000222d46e9e90 JavaThread "Thread-17"                  daemon [_thread_in_native, id=8680, stack(0x0000006c48b00000,0x0000006c48c00000) (1024K)]
  0x00000222d46ea520 JavaThread "Thread-18"                  daemon [_thread_in_native, id=21752, stack(0x0000006c48c00000,0x0000006c48d00000) (1024K)]
  0x00000222d46eb240 JavaThread "Thread-19"                  daemon [_thread_in_native, id=10632, stack(0x0000006c48d00000,0x0000006c48e00000) (1024K)]
  0x00000222ff972650 JavaThread "Thread-20"                  daemon [_thread_in_native, id=564, stack(0x0000006c48e00000,0x0000006c48f00000) (1024K)]
  0x00000222ff9712a0 JavaThread "Thread-21"                  daemon [_thread_in_native, id=21816, stack(0x0000006c48f00000,0x0000006c49000000) (1024K)]
  0x00000222ff970c10 JavaThread "Thread-22"                  daemon [_thread_in_native, id=7772, stack(0x0000006c49000000,0x0000006c49100000) (1024K)]
  0x00000222ff971930 JavaThread "pool-2-thread-1"                   [_thread_blocked, id=23348, stack(0x0000006c49300000,0x0000006c49400000) (1024K)]
  0x00000222ff970580 JavaThread "WorkspaceEventsHandler"            [_thread_blocked, id=19832, stack(0x0000006c49700000,0x0000006c49800000) (1024K)]
  0x00000222ff973370 JavaThread "pool-1-thread-1"                   [_thread_blocked, id=8508, stack(0x0000006c49800000,0x0000006c49900000) (1024K)]
  0x00000222d6d2dbb0 JavaThread "ForkJoinPool.commonPool-worker-1" daemon [_thread_blocked, id=16848, stack(0x0000006c46b00000,0x0000006c46c00000) (1024K)]
  0x00000222d6d2d520 JavaThread "ForkJoinPool.commonPool-worker-2" daemon [_thread_blocked, id=11964, stack(0x0000006c4a000000,0x0000006c4a100000) (1024K)]
  0x00000222d6d2ef60 JavaThread "ForkJoinPool.commonPool-worker-6" daemon [_thread_blocked, id=2848, stack(0x0000006c49600000,0x0000006c49700000) (1024K)]
  0x00000222d6d2c800 JavaThread "ForkJoinPool.commonPool-worker-8" daemon [_thread_blocked, id=2320, stack(0x0000006c4a300000,0x0000006c4a400000) (1024K)]
  0x00000222d6d309a0 JavaThread "ForkJoinPool.commonPool-worker-14" daemon [_thread_blocked, id=19660, stack(0x0000006c4a900000,0x0000006c4aa00000) (1024K)]
  0x00000222d6d316c0 JavaThread "ForkJoinPool.commonPool-worker-15" daemon [_thread_blocked, id=9572, stack(0x0000006c4aa00000,0x0000006c4ab00000) (1024K)]
  0x00000222d6d31d50 JavaThread "Cleaner-0"                  daemon [_thread_blocked, id=21808, stack(0x0000006c4ac00000,0x0000006c4ad00000) (1024K)]
  0x00000222d8a2c1f0 JavaThread "Java Debug Server"          daemon [_thread_in_native, id=2144, stack(0x0000006c45700000,0x0000006c45800000) (1024K)]
  0x00000222d8a310b0 JavaThread "RxSchedulerPurge-1"         daemon [_thread_blocked, id=13892, stack(0x0000006c49400000,0x0000006c49500000) (1024K)]
  0x00000222d8a2fd00 JavaThread "RxCachedWorkerPoolEvictor-1" daemon [_thread_blocked, id=3780, stack(0x0000006c4ab00000,0x0000006c4ac00000) (1024K)]
  0x00000222fd6bda80 JavaThread "Worker-8"                          [_thread_blocked, id=524, stack(0x0000006c47200000,0x0000006c47300000) (1024K)]
  0x00000222fd6bac90 JavaThread "pool-3-thread-2"                   [_thread_blocked, id=17936, stack(0x0000006c44600000,0x0000006c44700000) (1024K)]
  0x00000222fd6bd3f0 JavaThread "process reaper (pid 7088)"  daemon [_thread_in_native, id=20360, stack(0x0000006c441a0000,0x0000006c441c0000) (128K)]
  0x00000222fd6be7a0 JavaThread "pool-5-thread-1"                   [_thread_blocked, id=23036, stack(0x0000006c44500000,0x0000006c44600000) (1024K)]
  0x00000222fd6bb320 JavaThread "Framework stop - Equinox Container: d5a0c645-bf2c-4883-bf3d-4568ed1cd2c5"        [_thread_in_native, id=20100, stack(0x0000006c44700000,0x0000006c44800000) (1024K)]
  0x00000222fd6bc6d0 JavaThread "SCR Component Registry"     daemon [_thread_blocked, id=22424, stack(0x0000006c45400000,0x0000006c45500000) (1024K)]
Total: 60

Other Threads:
  0x00000222f9cf4250 VMThread "VM Thread"                           [id=4268, stack(0x0000006c44b00000,0x0000006c44c00000) (1024K)]
  0x00000222f9beca00 WatcherThread "VM Periodic Task Thread"        [id=22204, stack(0x0000006c44a00000,0x0000006c44b00000) (1024K)]
  0x00000222f4941380 WorkerThread "GC Thread#0"                     [id=18688, stack(0x0000006c44900000,0x0000006c44a00000) (1024K)]
  0x00000222fd1eb7c0 WorkerThread "GC Thread#1"                     [id=22612, stack(0x0000006c45b00000,0x0000006c45c00000) (1024K)]
  0x00000222fd1ebb60 WorkerThread "GC Thread#2"                     [id=1324, stack(0x0000006c45c00000,0x0000006c45d00000) (1024K)]
  0x00000222fd7143a0 WorkerThread "GC Thread#3"                     [id=196, stack(0x0000006c45d00000,0x0000006c45e00000) (1024K)]
  0x00000222fd714740 WorkerThread "GC Thread#4"                     [id=20144, stack(0x0000006c45e00000,0x0000006c45f00000) (1024K)]
  0x00000222fd714ae0 WorkerThread "GC Thread#5"                     [id=4620, stack(0x0000006c45f00000,0x0000006c46000000) (1024K)]
  0x00000222fd782a90 WorkerThread "GC Thread#6"                     [id=21228, stack(0x0000006c46000000,0x0000006c46100000) (1024K)]
  0x00000222fd8be8c0 WorkerThread "GC Thread#7"                     [id=19604, stack(0x0000006c46100000,0x0000006c46200000) (1024K)]
  0x00000222fdf75450 WorkerThread "GC Thread#8"                     [id=2928, stack(0x0000006c46700000,0x0000006c46800000) (1024K)]
  0x00000222fdeda070 WorkerThread "GC Thread#9"                     [id=15204, stack(0x0000006c46800000,0x0000006c46900000) (1024K)]
  0x00000222fdedaef0 WorkerThread "GC Thread#10"                    [id=21644, stack(0x0000006c46900000,0x0000006c46a00000) (1024K)]
  0x00000222fdedb290 WorkerThread "GC Thread#11"                    [id=21976, stack(0x0000006c46c00000,0x0000006c46d00000) (1024K)]
  0x00000222fdeda7b0 WorkerThread "GC Thread#12"                    [id=23520, stack(0x0000006c46d00000,0x0000006c46e00000) (1024K)]
  0x00000222fdedb630 WorkerThread "GC Thread#13"                    [id=23360, stack(0x0000006c45a00000,0x0000006c45b00000) (1024K)]
  0x00000222fdedab50 WorkerThread "GC Thread#14"                    [id=23412, stack(0x0000006c46f00000,0x0000006c47000000) (1024K)]
Total: 17

Threads with active compile tasks:
C2 CompilerThread0  833696 16739  s!   4       org.eclipse.jdt.internal.core.index.DiskIndex::readCategoryTable (743 bytes)
Total: 1

VM state: not at safepoint (normal execution)

VM Mutex/Monitor currently owned by a thread: None

Heap address: 0x00000000c0000000, size: 1024 MB, Compressed Oops mode: 32-bit

CDS archive(s) mapped at: [0x000002228f000000-0x000002228fba0000-0x000002228fba0000), size 12189696, SharedBaseAddress: 0x000002228f000000, ArchiveRelocationMode: 1.
Compressed class space mapped at: 0x0000022290000000-0x00000222d0000000, reserved size: 1073741824
Narrow klass base: 0x000002228f000000, Narrow klass shift: 0, Narrow klass range: 0x100000000

GC Precious Log:
 CardTable entry size: 512
 CPUs: 20 total, 20 available
 Memory: 16176M
 Large Page Support: Disabled
 NUMA Support: Disabled
 Compressed Oops: Enabled (32-bit)
 Alignments: Space 512K, Generation 512K, Heap 2M
 Heap Min Capacity: 100M
 Heap Initial Capacity: 100M
 Heap Max Capacity: 1G
 Pre-touch: Disabled
 Parallel Workers: 15

Heap:
 PSYoungGen      total 4096K, used 2194K [0x00000000eab00000, 0x00000000eb300000, 0x0000000100000000)
  eden space 2560K, 29% used [0x00000000eab00000,0x00000000eabbc930,0x00000000ead80000)
  from space 1536K, 93% used [0x00000000eb180000,0x00000000eb2e8000,0x00000000eb300000)
  to   space 2560K, 0% used [0x00000000eae00000,0x00000000eae00000,0x00000000eb080000)
 ParOldGen       total 480256K, used 111062K [0x00000000c0000000, 0x00000000dd500000, 0x00000000eab00000)
  object space 480256K, 23% used [0x00000000c0000000,0x00000000c6c75b50,0x00000000dd500000)
 Metaspace       used 81842K, committed 83456K, reserved 1179648K
  class space    used 8347K, committed 9088K, reserved 1048576K

Card table byte_map: [0x00000222f42c0000,0x00000222f44d0000] _byte_map_base: 0x00000222f3cc0000

Marking Bits: (ParMarkBitMap*) 0x00007ffba53d3260
 Begin Bits: [0x00000222f7b10000, 0x00000222f8b10000)
 End Bits:   [0x00000222f8b10000, 0x00000222f9b10000)

Polling page: 0x00000222f4040000

Metaspace:

Usage:
  Non-class:     71.77 MB used.
      Class:      8.15 MB used.
       Both:     79.92 MB used.

Virtual space:
  Non-class space:      128.00 MB reserved,      72.62 MB ( 57%) committed,  2 nodes.
      Class space:        1.00 GB reserved,       8.88 MB ( <1%) committed,  1 nodes.
             Both:        1.12 GB reserved,      81.50 MB (  7%) committed. 

Chunk freelists:
   Non-Class:  7.16 MB
       Class:  6.94 MB
        Both:  14.10 MB

MaxMetaspaceSize: unlimited
CompressedClassSpaceSize: 1.00 GB
Initial GC threshold: 21.00 MB
Current GC threshold: 134.31 MB
CDS: on
 - commit_granule_bytes: 65536.
 - commit_granule_words: 8192.
 - virtual_space_node_default_size: 8388608.
 - enlarge_chunks_in_place: 1.
 - use_allocation_guard: 0.


Internal statistics:

num_allocs_failed_limit: 11.
num_arena_births: 1378.
num_arena_deaths: 26.
num_vsnodes_births: 3.
num_vsnodes_deaths: 0.
num_space_committed: 1304.
num_space_uncommitted: 0.
num_chunks_returned_to_freelist: 41.
num_chunks_taken_from_freelist: 5213.
num_chunk_merges: 16.
num_chunk_splits: 3125.
num_chunks_enlarged: 1722.
num_inconsistent_stats: 0.

CodeHeap 'non-profiled nmethods': size=119168Kb used=14669Kb max_used=15226Kb free=104498Kb
 bounds [0x0000022287ba0000, 0x0000022288a90000, 0x000002228f000000]
CodeHeap 'profiled nmethods': size=119104Kb used=36223Kb max_used=38628Kb free=82880Kb
 bounds [0x0000022280000000, 0x00000222825c0000, 0x0000022287450000]
CodeHeap 'non-nmethods': size=7488Kb used=1519Kb max_used=3270Kb free=5968Kb
 bounds [0x0000022287450000, 0x00000222877a0000, 0x0000022287ba0000]
 total_blobs=15975 nmethods=15137 adapters=740
 compilation: enabled
              stopped_count=0, restarted_count=0
 full_count=0

Compilation events (20 events):
Event: 832.508 Thread 0x00000222feff8490 nmethod 16757 0x00000222811c1910 code [0x00000222811c1ac0, 0x00000222811c1cc0]
Event: 832.508 Thread 0x00000222feff8490 16759   !   3       org.eclipse.osgi.internal.framework.BundleContextImpl::dispatchEvent (577 bytes)
Event: 832.511 Thread 0x00000222f49d0ea0 nmethod 16755 0x0000022281032c10 code [0x0000022281032ee0, 0x0000022281033b98]
Event: 832.511 Thread 0x00000222f49d0ea0 16758       3       org.eclipse.osgi.internal.log.ExtendedLogReaderServiceFactory::isLoggable (35 bytes)
Event: 832.513 Thread 0x00000222f49d0ea0 nmethod 16758 0x00000222804dd310 code [0x00000222804dd4e0, 0x00000222804dd720]
Event: 832.514 Thread 0x00000222f49d0ea0 16760   !   3       org.eclipse.osgi.internal.serviceregistry.ServiceUse::lock (109 bytes)
Event: 832.518 Thread 0x00000222f49d0ea0 nmethod 16760 0x000002228020a610 code [0x000002228020a880, 0x000002228020b4a0]
Event: 832.518 Thread 0x00000222f49d0ea0 16763       3       java.util.LinkedList::remove (77 bytes)
Event: 832.519 Thread 0x00000222f49d0ea0 nmethod 16763 0x000002228055d210 code [0x000002228055d420, 0x000002228055d9e0]
Event: 832.519 Thread 0x00000222f49d0ea0 16761       3       org.eclipse.osgi.internal.serviceregistry.ServiceUse$ServiceUseLock::close (5 bytes)
Event: 832.519 Thread 0x00000222f49d0ea0 nmethod 16761 0x000002228068c710 code [0x000002228068c8e0, 0x000002228068cc90]
Event: 832.519 Thread 0x00000222f49d0ea0 16762   !   3       org.eclipse.osgi.internal.serviceregistry.ServiceRegistrationImpl::isUnregistered (26 bytes)
Event: 832.521 Thread 0x00000222f49d0ea0 nmethod 16762 0x00000222808c4490 code [0x00000222808c4640, 0x00000222808c4890]
Event: 832.521 Thread 0x00000222f49d0ea0 16764       3       java.util.concurrent.FutureTask::done (1 bytes)
Event: 832.521 Thread 0x00000222f49d0ea0 nmethod 16764 0x0000022280400190 code [0x0000022280400320, 0x0000022280400428]
Event: 832.523 Thread 0x00000222feff8490 nmethod 16759 0x0000022280d50010 code [0x0000022280d50a80, 0x0000022280d56500]
Event: 832.533 Thread 0x00000222feff8490 16765       3       sun.nio.ch.FileChannelImpl::ensureOpen (16 bytes)
Event: 832.534 Thread 0x00000222feff8490 nmethod 16765 0x00000222808c3e90 code [0x00000222808c4060, 0x00000222808c4328]
Event: 832.537 Thread 0x00000222feff8490 16766       3       java.util.concurrent.FutureTask::set (30 bytes)
Event: 832.540 Thread 0x00000222feff8490 nmethod 16766 0x00000222804d2590 code [0x00000222804d2840, 0x00000222804d35f0]

GC Heap History (20 events):
Event: 828.860 GC heap before
{Heap before GC invocations=559 (full 4):
 PSYoungGen      total 2560K, used 2426K [0x00000000eab00000, 0x00000000eae80000, 0x0000000100000000)
  eden space 2048K, 99% used [0x00000000eab00000,0x00000000eacfe8b0,0x00000000ead00000)
  from space 512K, 75% used [0x00000000eae00000,0x00000000eae60040,0x00000000eae80000)
  to   space 512K, 0% used [0x00000000ead80000,0x00000000ead80000,0x00000000eae00000)
 ParOldGen       total 480256K, used 101859K [0x00000000c0000000, 0x00000000dd500000, 0x00000000eab00000)
  object space 480256K, 21% used [0x00000000c0000000,0x00000000c6378c60,0x00000000dd500000)
 Metaspace       used 81525K, committed 83136K, reserved 1179648K
  class space    used 8314K, committed 9024K, reserved 1048576K
}
Event: 828.994 GC heap after
{Heap after GC invocations=559 (full 4):
 PSYoungGen      total 2560K, used 480K [0x00000000eab00000, 0x00000000eaf00000, 0x0000000100000000)
  eden space 2048K, 0% used [0x00000000eab00000,0x00000000eab00000,0x00000000ead00000)
  from space 512K, 93% used [0x00000000ead80000,0x00000000eadf8010,0x00000000eae00000)
  to   space 1024K, 0% used [0x00000000eae00000,0x00000000eae00000,0x00000000eaf00000)
 ParOldGen       total 480256K, used 102115K [0x00000000c0000000, 0x00000000dd500000, 0x00000000eab00000)
  object space 480256K, 21% used [0x00000000c0000000,0x00000000c63b8cd0,0x00000000dd500000)
 Metaspace       used 81525K, committed 83136K, reserved 1179648K
  class space    used 8314K, committed 9024K, reserved 1048576K
}
Event: 829.539 GC heap before
{Heap before GC invocations=560 (full 4):
 PSYoungGen      total 2560K, used 2527K [0x00000000eab00000, 0x00000000eaf00000, 0x0000000100000000)
  eden space 2048K, 99% used [0x00000000eab00000,0x00000000eacfff40,0x00000000ead00000)
  from space 512K, 93% used [0x00000000ead80000,0x00000000eadf8010,0x00000000eae00000)
  to   space 1024K, 0% used [0x00000000eae00000,0x00000000eae00000,0x00000000eaf00000)
 ParOldGen       total 480256K, used 102115K [0x00000000c0000000, 0x00000000dd500000, 0x00000000eab00000)
  object space 480256K, 21% used [0x00000000c0000000,0x00000000c63b8cd0,0x00000000dd500000)
 Metaspace       used 81675K, committed 83328K, reserved 1179648K
  class space    used 8328K, committed 9088K, reserved 1048576K
}
Event: 829.553 GC heap after
{Heap after GC invocations=560 (full 4):
 PSYoungGen      total 2560K, used 373K [0x00000000eab00000, 0x00000000eae80000, 0x0000000100000000)
  eden space 2048K, 0% used [0x00000000eab00000,0x00000000eab00000,0x00000000ead00000)
  from space 512K, 73% used [0x00000000eae00000,0x00000000eae5d7e0,0x00000000eae80000)
  to   space 512K, 0% used [0x00000000ead80000,0x00000000ead80000,0x00000000eae00000)
 ParOldGen       total 480256K, used 102251K [0x00000000c0000000, 0x00000000dd500000, 0x00000000eab00000)
  object space 480256K, 21% used [0x00000000c0000000,0x00000000c63dace0,0x00000000dd500000)
 Metaspace       used 81675K, committed 83328K, reserved 1179648K
  class space    used 8328K, committed 9088K, reserved 1048576K
}
Event: 830.043 GC heap before
{Heap before GC invocations=561 (full 4):
 PSYoungGen      total 2560K, used 2421K [0x00000000eab00000, 0x00000000eae80000, 0x0000000100000000)
  eden space 2048K, 100% used [0x00000000eab00000,0x00000000ead00000,0x00000000ead00000)
  from space 512K, 73% used [0x00000000eae00000,0x00000000eae5d7e0,0x00000000eae80000)
  to   space 512K, 0% used [0x00000000ead80000,0x00000000ead80000,0x00000000eae00000)
 ParOldGen       total 480256K, used 102251K [0x00000000c0000000, 0x00000000dd500000, 0x00000000eab00000)
  object space 480256K, 21% used [0x00000000c0000000,0x00000000c63dace0,0x00000000dd500000)
 Metaspace       used 81730K, committed 83392K, reserved 1179648K
  class space    used 8340K, committed 9088K, reserved 1048576K
}
Event: 830.058 GC heap after
{Heap after GC invocations=561 (full 4):
 PSYoungGen      total 2560K, used 485K [0x00000000eab00000, 0x00000000eb000000, 0x0000000100000000)
  eden space 2048K, 0% used [0x00000000eab00000,0x00000000eab00000,0x00000000ead00000)
  from space 512K, 94% used [0x00000000ead80000,0x00000000eadf95b0,0x00000000eae00000)
  to   space 1536K, 0% used [0x00000000eae80000,0x00000000eae80000,0x00000000eb000000)
 ParOldGen       total 480256K, used 103078K [0x00000000c0000000, 0x00000000dd500000, 0x00000000eab00000)
  object space 480256K, 21% used [0x00000000c0000000,0x00000000c64a9a70,0x00000000dd500000)
 Metaspace       used 81730K, committed 83392K, reserved 1179648K
  class space    used 8340K, committed 9088K, reserved 1048576K
}
Event: 830.066 GC heap before
{Heap before GC invocations=562 (full 4):
 PSYoungGen      total 2560K, used 2533K [0x00000000eab00000, 0x00000000eb000000, 0x0000000100000000)
  eden space 2048K, 100% used [0x00000000eab00000,0x00000000ead00000,0x00000000ead00000)
  from space 512K, 94% used [0x00000000ead80000,0x00000000eadf95b0,0x00000000eae00000)
  to   space 1536K, 0% used [0x00000000eae80000,0x00000000eae80000,0x00000000eb000000)
 ParOldGen       total 480256K, used 103078K [0x00000000c0000000, 0x00000000dd500000, 0x00000000eab00000)
  object space 480256K, 21% used [0x00000000c0000000,0x00000000c64a9a70,0x00000000dd500000)
 Metaspace       used 81730K, committed 83392K, reserved 1179648K
  class space    used 8340K, committed 9088K, reserved 1048576K
}
Event: 830.078 GC heap after
{Heap after GC invocations=562 (full 4):
 PSYoungGen      total 2048K, used 1536K [0x00000000eab00000, 0x00000000eb300000, 0x0000000100000000)
  eden space 512K, 0% used [0x00000000eab00000,0x00000000eab00000,0x00000000eab80000)
  from space 1536K, 100% used [0x00000000eae80000,0x00000000eb000000,0x00000000eb000000)
  to   space 3072K, 0% used [0x00000000eab80000,0x00000000eab80000,0x00000000eae80000)
 ParOldGen       total 480256K, used 104132K [0x00000000c0000000, 0x00000000dd500000, 0x00000000eab00000)
  object space 480256K, 21% used [0x00000000c0000000,0x00000000c65b1030,0x00000000dd500000)
 Metaspace       used 81730K, committed 83392K, reserved 1179648K
  class space    used 8340K, committed 9088K, reserved 1048576K
}
Event: 830.082 GC heap before
{Heap before GC invocations=563 (full 4):
 PSYoungGen      total 2048K, used 2048K [0x00000000eab00000, 0x00000000eb300000, 0x0000000100000000)
  eden space 512K, 100% used [0x00000000eab00000,0x00000000eab80000,0x00000000eab80000)
  from space 1536K, 100% used [0x00000000eae80000,0x00000000eb000000,0x00000000eb000000)
  to   space 3072K, 0% used [0x00000000eab80000,0x00000000eab80000,0x00000000eae80000)
 ParOldGen       total 480256K, used 104132K [0x00000000c0000000, 0x00000000dd500000, 0x00000000eab00000)
  object space 480256K, 21% used [0x00000000c0000000,0x00000000c65b1030,0x00000000dd500000)
 Metaspace       used 81730K, committed 83392K, reserved 1179648K
  class space    used 8340K, committed 9088K, reserved 1048576K
}
Event: 830.091 GC heap after
{Heap after GC invocations=563 (full 4):
 PSYoungGen      total 1536K, used 736K [0x00000000eab00000, 0x00000000eaf00000, 0x0000000100000000)
  eden space 512K, 0% used [0x00000000eab00000,0x00000000eab00000,0x00000000eab80000)
  from space 1024K, 71% used [0x00000000eab80000,0x00000000eac38000,0x00000000eac80000)
  to   space 1536K, 0% used [0x00000000ead80000,0x00000000ead80000,0x00000000eaf00000)
 ParOldGen       total 480256K, used 105780K [0x00000000c0000000, 0x00000000dd500000, 0x00000000eab00000)
  object space 480256K, 22% used [0x00000000c0000000,0x00000000c674d030,0x00000000dd500000)
 Metaspace       used 81730K, committed 83392K, reserved 1179648K
  class space    used 8340K, committed 9088K, reserved 1048576K
}
Event: 830.102 GC heap before
{Heap before GC invocations=564 (full 4):
 PSYoungGen      total 1536K, used 1247K [0x00000000eab00000, 0x00000000eaf00000, 0x0000000100000000)
  eden space 512K, 99% used [0x00000000eab00000,0x00000000eab7fff8,0x00000000eab80000)
  from space 1024K, 71% used [0x00000000eab80000,0x00000000eac38000,0x00000000eac80000)
  to   space 1536K, 0% used [0x00000000ead80000,0x00000000ead80000,0x00000000eaf00000)
 ParOldGen       total 480256K, used 105780K [0x00000000c0000000, 0x00000000dd500000, 0x00000000eab00000)
  object space 480256K, 22% used [0x00000000c0000000,0x00000000c674d030,0x00000000dd500000)
 Metaspace       used 81730K, committed 83392K, reserved 1179648K
  class space    used 8340K, committed 9088K, reserved 1048576K
}
Event: 830.109 GC heap after
{Heap after GC invocations=564 (full 4):
 PSYoungGen      total 2048K, used 736K [0x00000000eab00000, 0x00000000eae80000, 0x0000000100000000)
  eden space 1024K, 0% used [0x00000000eab00000,0x00000000eab00000,0x00000000eac00000)
  from space 1024K, 71% used [0x00000000ead80000,0x00000000eae38000,0x00000000eae80000)
  to   space 1024K, 0% used [0x00000000eac80000,0x00000000eac80000,0x00000000ead80000)
 ParOldGen       total 480256K, used 106356K [0x00000000c0000000, 0x00000000dd500000, 0x00000000eab00000)
  object space 480256K, 22% used [0x00000000c0000000,0x00000000c67dd030,0x00000000dd500000)
 Metaspace       used 81730K, committed 83392K, reserved 1179648K
  class space    used 8340K, committed 9088K, reserved 1048576K
}
Event: 830.136 GC heap before
{Heap before GC invocations=565 (full 4):
 PSYoungGen      total 2048K, used 1738K [0x00000000eab00000, 0x00000000eae80000, 0x0000000100000000)
  eden space 1024K, 97% used [0x00000000eab00000,0x00000000eabfa848,0x00000000eac00000)
  from space 1024K, 71% used [0x00000000ead80000,0x00000000eae38000,0x00000000eae80000)
  to   space 1024K, 0% used [0x00000000eac80000,0x00000000eac80000,0x00000000ead80000)
 ParOldGen       total 480256K, used 106356K [0x00000000c0000000, 0x00000000dd500000, 0x00000000eab00000)
  object space 480256K, 22% used [0x00000000c0000000,0x00000000c67dd030,0x00000000dd500000)
 Metaspace       used 81730K, committed 83392K, reserved 1179648K
  class space    used 8340K, committed 9088K, reserved 1048576K
}
Event: 830.142 GC heap after
{Heap after GC invocations=565 (full 4):
 PSYoungGen      total 2560K, used 1008K [0x00000000eab00000, 0x00000000eb080000, 0x0000000100000000)
  eden space 1536K, 0% used [0x00000000eab00000,0x00000000eab00000,0x00000000eac80000)
  from space 1024K, 98% used [0x00000000eac80000,0x00000000ead7c000,0x00000000ead80000)
  to   space 2048K, 0% used [0x00000000eae80000,0x00000000eae80000,0x00000000eb080000)
 ParOldGen       total 480256K, used 106956K [0x00000000c0000000, 0x00000000dd500000, 0x00000000eab00000)
  object space 480256K, 22% used [0x00000000c0000000,0x00000000c6873030,0x00000000dd500000)
 Metaspace       used 81730K, committed 83392K, reserved 1179648K
  class space    used 8340K, committed 9088K, reserved 1048576K
}
Event: 830.170 GC heap before
{Heap before GC invocations=566 (full 4):
 PSYoungGen      total 2560K, used 2544K [0x00000000eab00000, 0x00000000eb080000, 0x0000000100000000)
  eden space 1536K, 100% used [0x00000000eab00000,0x00000000eac80000,0x00000000eac80000)
  from space 1024K, 98% used [0x00000000eac80000,0x00000000ead7c000,0x00000000ead80000)
  to   space 2048K, 0% used [0x00000000eae80000,0x00000000eae80000,0x00000000eb080000)
 ParOldGen       total 480256K, used 106956K [0x00000000c0000000, 0x00000000dd500000, 0x00000000eab00000)
  object space 480256K, 22% used [0x00000000c0000000,0x00000000c6873030,0x00000000dd500000)
 Metaspace       used 81730K, committed 83392K, reserved 1179648K
  class space    used 8340K, committed 9088K, reserved 1048576K
}
Event: 830.176 GC heap after
{Heap after GC invocations=566 (full 4):
 PSYoungGen      total 3584K, used 1498K [0x00000000eab00000, 0x00000000eb000000, 0x0000000100000000)
  eden space 2048K, 0% used [0x00000000eab00000,0x00000000eab00000,0x00000000ead00000)
  from space 1536K, 97% used [0x00000000eae80000,0x00000000eaff6b20,0x00000000eb000000)
  to   space 1536K, 0% used [0x00000000ead00000,0x00000000ead00000,0x00000000eae80000)
 ParOldGen       total 480256K, used 107468K [0x00000000c0000000, 0x00000000dd500000, 0x00000000eab00000)
  object space 480256K, 22% used [0x00000000c0000000,0x00000000c68f3030,0x00000000dd500000)
 Metaspace       used 81730K, committed 83392K, reserved 1179648K
  class space    used 8340K, committed 9088K, reserved 1048576K
}
Event: 830.181 GC heap before
{Heap before GC invocations=567 (full 4):
 PSYoungGen      total 3584K, used 3546K [0x00000000eab00000, 0x00000000eb000000, 0x0000000100000000)
  eden space 2048K, 100% used [0x00000000eab00000,0x00000000ead00000,0x00000000ead00000)
  from space 1536K, 97% used [0x00000000eae80000,0x00000000eaff6b20,0x00000000eb000000)
  to   space 1536K, 0% used [0x00000000ead00000,0x00000000ead00000,0x00000000eae80000)
 ParOldGen       total 480256K, used 107468K [0x00000000c0000000, 0x00000000dd500000, 0x00000000eab00000)
  object space 480256K, 22% used [0x00000000c0000000,0x00000000c68f3030,0x00000000dd500000)
 Metaspace       used 81730K, committed 83392K, reserved 1179648K
  class space    used 8340K, committed 9088K, reserved 1048576K
}
Event: 831.189 GC heap after
{Heap after GC invocations=567 (full 4):
 PSYoungGen      total 3584K, used 1536K [0x00000000eab00000, 0x00000000eb580000, 0x0000000100000000)
  eden space 2048K, 0% used [0x00000000eab00000,0x00000000eab00000,0x00000000ead00000)
  from space 1536K, 100% used [0x00000000ead00000,0x00000000eae80000,0x00000000eae80000)
  to   space 4096K, 0% used [0x00000000eb180000,0x00000000eb180000,0x00000000eb580000)
 ParOldGen       total 480256K, used 109414K [0x00000000c0000000, 0x00000000dd500000, 0x00000000eab00000)
  object space 480256K, 22% used [0x00000000c0000000,0x00000000c6ad9b50,0x00000000dd500000)
 Metaspace       used 81730K, committed 83392K, reserved 1179648K
  class space    used 8340K, committed 9088K, reserved 1048576K
}
Event: 832.483 GC heap before
{Heap before GC invocations=568 (full 4):
 PSYoungGen      total 3584K, used 3584K [0x00000000eab00000, 0x00000000eb580000, 0x0000000100000000)
  eden space 2048K, 100% used [0x00000000eab00000,0x00000000ead00000,0x00000000ead00000)
  from space 1536K, 100% used [0x00000000ead00000,0x00000000eae80000,0x00000000eae80000)
  to   space 4096K, 0% used [0x00000000eb180000,0x00000000eb180000,0x00000000eb580000)
 ParOldGen       total 480256K, used 109414K [0x00000000c0000000, 0x00000000dd500000, 0x00000000eab00000)
  object space 480256K, 22% used [0x00000000c0000000,0x00000000c6ad9b50,0x00000000dd500000)
 Metaspace       used 81777K, committed 83392K, reserved 1179648K
  class space    used 8343K, committed 9088K, reserved 1048576K
}
Event: 832.493 GC heap after
{Heap after GC invocations=568 (full 4):
 PSYoungGen      total 4096K, used 1440K [0x00000000eab00000, 0x00000000eb300000, 0x0000000100000000)
  eden space 2560K, 0% used [0x00000000eab00000,0x00000000eab00000,0x00000000ead80000)
  from space 1536K, 93% used [0x00000000eb180000,0x00000000eb2e8000,0x00000000eb300000)
  to   space 2560K, 0% used [0x00000000eae00000,0x00000000eae00000,0x00000000eb080000)
 ParOldGen       total 480256K, used 111062K [0x00000000c0000000, 0x00000000dd500000, 0x00000000eab00000)
  object space 480256K, 23% used [0x00000000c0000000,0x00000000c6c75b50,0x00000000dd500000)
 Metaspace       used 81777K, committed 83392K, reserved 1179648K
  class space    used 8343K, committed 9088K, reserved 1048576K
}

Dll operation events (12 events):
Event: 0.011 Loaded shared library c:\Users\lijia\.vscode\extensions\redhat.java-1.41.1-win32-x64\jre\21.0.6-win32-x86_64\bin\java.dll
Event: 0.033 Loaded shared library c:\Users\lijia\.vscode\extensions\redhat.java-1.41.1-win32-x64\jre\21.0.6-win32-x86_64\bin\zip.dll
Event: 0.090 Loaded shared library C:\Users\lijia\.vscode\extensions\redhat.java-1.41.1-win32-x64\jre\21.0.6-win32-x86_64\bin\instrument.dll
Event: 0.095 Loaded shared library C:\Users\lijia\.vscode\extensions\redhat.java-1.41.1-win32-x64\jre\21.0.6-win32-x86_64\bin\net.dll
Event: 0.097 Loaded shared library C:\Users\lijia\.vscode\extensions\redhat.java-1.41.1-win32-x64\jre\21.0.6-win32-x86_64\bin\nio.dll
Event: 0.100 Loaded shared library C:\Users\lijia\.vscode\extensions\redhat.java-1.41.1-win32-x64\jre\21.0.6-win32-x86_64\bin\zip.dll
Event: 0.114 Loaded shared library C:\Users\lijia\.vscode\extensions\redhat.java-1.41.1-win32-x64\jre\21.0.6-win32-x86_64\bin\jimage.dll
Event: 0.187 Loaded shared library c:\Users\lijia\.vscode\extensions\redhat.java-1.41.1-win32-x64\jre\21.0.6-win32-x86_64\bin\verify.dll
Event: 1.366 Loaded shared library C:\Users\lijia\AppData\Roaming\Code\User\globalStorage\redhat.java\1.41.1\config_win\org.eclipse.equinox.launcher\org.eclipse.equinox.launcher.win32.win32.x86_64_1.2.1300.v20250331-1702\eclipse_11911.dll
Event: 2.631 Loaded shared library C:\Users\lijia\AppData\Local\Temp\jna-102973541\jna9459220521500723035.dll
Event: 12.775 Loaded shared library C:\Users\lijia\.vscode\extensions\redhat.java-1.41.1-win32-x64\jre\21.0.6-win32-x86_64\bin\sunmscapi.dll
Event: 33.473 Loaded shared library C:\Users\lijia\.vscode\extensions\redhat.java-1.41.1-win32-x64\jre\21.0.6-win32-x86_64\bin\extnet.dll

Deoptimization events (20 events):
Event: 829.209 Thread 0x00000222fd6bb320 Uncommon trap: trap_request=0xffffffde fr.pc=0x0000022287ea94b4 relative=0x0000000000000274
Event: 829.209 Thread 0x00000222fd6bb320 Uncommon trap: reason=class_check action=maybe_recompile pc=0x0000022287ea94b4 method=java.util.Comparator.lambda$comparing$77a9974f$1(Ljava/util/function/Function;Ljava/lang/Object;Ljava/lang/Object;)I @ 7 c2
Event: 829.209 Thread 0x00000222fd6bb320 DEOPT PACKING pc=0x0000022287ea94b4 sp=0x0000006c447fcaf0
Event: 829.209 Thread 0x00000222fd6bb320 DEOPT UNPACKING pc=0x00000222874a3aa2 sp=0x0000006c447fca20 mode 2
Event: 829.209 Thread 0x00000222fd6bb320 Uncommon trap: trap_request=0xffffffde fr.pc=0x0000022287ea94b4 relative=0x0000000000000274
Event: 829.209 Thread 0x00000222fd6bb320 Uncommon trap: reason=class_check action=maybe_recompile pc=0x0000022287ea94b4 method=java.util.Comparator.lambda$comparing$77a9974f$1(Ljava/util/function/Function;Ljava/lang/Object;Ljava/lang/Object;)I @ 7 c2
Event: 829.209 Thread 0x00000222fd6bb320 DEOPT PACKING pc=0x0000022287ea94b4 sp=0x0000006c447fcaf0
Event: 829.209 Thread 0x00000222fd6bb320 DEOPT UNPACKING pc=0x00000222874a3aa2 sp=0x0000006c447fca20 mode 2
Event: 830.010 Thread 0x00000222fd958bd0 Uncommon trap: trap_request=0xffffff45 fr.pc=0x0000022288269f7c relative=0x0000000000000a5c
Event: 830.010 Thread 0x00000222fd958bd0 Uncommon trap: reason=unstable_if action=reinterpret pc=0x0000022288269f7c method=org.eclipse.jdt.internal.core.index.DiskIndex.readStreamChars(Ljava/io/InputStream;)[C @ 199 c2
Event: 830.010 Thread 0x00000222fd958bd0 DEOPT PACKING pc=0x0000022288269f7c sp=0x0000006c475fef50
Event: 830.011 Thread 0x00000222fd958bd0 DEOPT UNPACKING pc=0x00000222874a3aa2 sp=0x0000006c475feec8 mode 2
Event: 831.190 Thread 0x00000222fd958bd0 Uncommon trap: trap_request=0xffffff45 fr.pc=0x0000022287bfa4f4 relative=0x0000000000000bd4
Event: 831.191 Thread 0x00000222fd958bd0 Uncommon trap: reason=unstable_if action=reinterpret pc=0x0000022287bfa4f4 method=org.eclipse.jdt.internal.core.index.DiskIndex.readStreamChars(Ljava/io/InputStream;)[C @ 114 c2
Event: 831.191 Thread 0x00000222fd958bd0 DEOPT PACKING pc=0x0000022287bfa4f4 sp=0x0000006c475feeb0
Event: 831.193 Thread 0x00000222fd958bd0 DEOPT UNPACKING pc=0x00000222874a3aa2 sp=0x0000006c475fee10 mode 2
Event: 832.507 Thread 0x00000222fdbceac0 Uncommon trap: trap_request=0xffffff45 fr.pc=0x000002228809b1b0 relative=0x0000000000000b30
Event: 832.507 Thread 0x00000222fdbceac0 Uncommon trap: reason=unstable_if action=reinterpret pc=0x000002228809b1b0 method=org.eclipse.osgi.internal.framework.BundleContextImpl.dispatchEvent(Ljava/lang/Object;Ljava/lang/Object;ILjava/lang/Object;)V @ 10 c2
Event: 832.507 Thread 0x00000222fdbceac0 DEOPT PACKING pc=0x000002228809b1b0 sp=0x0000006c464ff030
Event: 832.507 Thread 0x00000222fdbceac0 DEOPT UNPACKING pc=0x00000222874a3aa2 sp=0x0000006c464ff000 mode 2

Classes loaded (20 events):
Event: 303.320 Loading class java/io/ObjectOutputStream$BlockDataOutputStream
Event: 303.321 Loading class java/io/ObjectOutputStream$BlockDataOutputStream done
Event: 303.321 Loading class java/io/ObjectOutputStream$HandleTable
Event: 303.321 Loading class java/io/ObjectOutputStream$HandleTable done
Event: 303.321 Loading class java/io/ObjectOutputStream$ReplaceTable
Event: 303.321 Loading class java/io/ObjectOutputStream$ReplaceTable done
Event: 828.368 Loading class java/util/concurrent/Executors$DelegatedScheduledExecutorService
Event: 828.402 Loading class java/util/concurrent/Executors$DelegatedExecutorService
Event: 828.413 Loading class java/util/concurrent/Executors$DelegatedExecutorService done
Event: 828.414 Loading class java/util/concurrent/Executors$DelegatedScheduledExecutorService done
Event: 828.651 Loading class java/util/Collections$EmptyListIterator
Event: 828.656 Loading class java/util/Collections$EmptyListIterator done
Event: 828.796 Loading class java/util/stream/Nodes$ToArrayTask$OfRef
Event: 828.800 Loading class java/util/stream/Nodes$ToArrayTask
Event: 828.803 Loading class java/util/stream/Nodes$ToArrayTask done
Event: 828.803 Loading class java/util/stream/Nodes$ToArrayTask$OfRef done
Event: 829.005 Loading class java/nio/channels/ClosedChannelException
Event: 829.013 Loading class java/nio/channels/ClosedChannelException done
Event: 832.468 Loading class javax/security/auth/login/Configuration
Event: 832.481 Loading class javax/security/auth/login/Configuration done

Classes unloaded (13 events):
Event: 3.165 Thread 0x00000222f9cf4250 Unloading class 0x0000022290195000 'java/lang/invoke/LambdaForm$MH+0x0000022290195000'
Event: 3.165 Thread 0x00000222f9cf4250 Unloading class 0x0000022290194c00 'java/lang/invoke/LambdaForm$MH+0x0000022290194c00'
Event: 3.165 Thread 0x00000222f9cf4250 Unloading class 0x0000022290194800 'java/lang/invoke/LambdaForm$MH+0x0000022290194800'
Event: 3.165 Thread 0x00000222f9cf4250 Unloading class 0x0000022290194400 'java/lang/invoke/LambdaForm$MH+0x0000022290194400'
Event: 3.165 Thread 0x00000222f9cf4250 Unloading class 0x0000022290194000 'java/lang/invoke/LambdaForm$BMH+0x0000022290194000'
Event: 3.165 Thread 0x00000222f9cf4250 Unloading class 0x0000022290193c00 'java/lang/invoke/LambdaForm$DMH+0x0000022290193c00'
Event: 3.165 Thread 0x00000222f9cf4250 Unloading class 0x0000022290192c00 'java/lang/invoke/LambdaForm$DMH+0x0000022290192c00'
Event: 4.544 Thread 0x00000222f9cf4250 Unloading class 0x0000022290383c00 'java/lang/invoke/LambdaForm$MH+0x0000022290383c00'
Event: 4.544 Thread 0x00000222f9cf4250 Unloading class 0x0000022290383000 'java/lang/invoke/LambdaForm$MH+0x0000022290383000'
Event: 4.544 Thread 0x00000222f9cf4250 Unloading class 0x0000022290382800 'java/lang/invoke/LambdaForm$MH+0x0000022290382800'
Event: 4.544 Thread 0x00000222f9cf4250 Unloading class 0x0000022290382000 'java/lang/invoke/LambdaForm$MH+0x0000022290382000'
Event: 4.544 Thread 0x00000222f9cf4250 Unloading class 0x0000022290381c00 'java/lang/invoke/LambdaForm$DMH+0x0000022290381c00'
Event: 4.544 Thread 0x00000222f9cf4250 Unloading class 0x0000022290381000 'java/lang/invoke/LambdaForm$MH+0x0000022290381000'

Classes redefined (0 events):
No events

Internal exceptions (20 events):
Event: 829.045 Thread 0x00000222ff973370 Exception <a 'java/io/IOException'{0x00000000eab2ea20}> (0x00000000eab2ea20) 
thrown [s\src\hotspot\share\prims\jni.cpp, line 520]
Event: 829.045 Thread 0x00000222ff973370 Exception <a 'java/io/IOException'{0x00000000eab35d18}> (0x00000000eab35d18) 
thrown [s\src\hotspot\share\prims\jni.cpp, line 520]
Event: 829.112 Thread 0x00000222fd6bda80 Exception <a 'java/io/IOException'{0x00000000eab68368}> (0x00000000eab68368) 
thrown [s\src\hotspot\share\prims\jni.cpp, line 520]
Event: 829.115 Thread 0x00000222fd6bda80 Exception <a 'java/io/IOException'{0x00000000eab73608}> (0x00000000eab73608) 
thrown [s\src\hotspot\share\prims\jni.cpp, line 520]
Event: 829.118 Thread 0x00000222fd6bda80 Exception <a 'java/io/IOException'{0x00000000eab82e38}> (0x00000000eab82e38) 
thrown [s\src\hotspot\share\prims\jni.cpp, line 520]
Event: 829.118 Thread 0x00000222fd6bda80 Exception <a 'java/io/IOException'{0x00000000eab83148}> (0x00000000eab83148) 
thrown [s\src\hotspot\share\prims\jni.cpp, line 520]
Event: 829.119 Thread 0x00000222fd6bda80 Exception <a 'java/io/IOException'{0x00000000eab8ba30}> (0x00000000eab8ba30) 
thrown [s\src\hotspot\share\prims\jni.cpp, line 520]
Event: 829.123 Thread 0x00000222fd6bda80 Exception <a 'java/io/IOException'{0x00000000eab9ba58}> (0x00000000eab9ba58) 
thrown [s\src\hotspot\share\prims\jni.cpp, line 520]
Event: 829.123 Thread 0x00000222fd6bda80 Exception <a 'java/io/IOException'{0x00000000eab9bd68}> (0x00000000eab9bd68) 
thrown [s\src\hotspot\share\prims\jni.cpp, line 520]
Event: 829.126 Thread 0x00000222fd6bda80 Exception <a 'java/io/IOException'{0x00000000eabab9c8}> (0x00000000eabab9c8) 
thrown [s\src\hotspot\share\prims\jni.cpp, line 520]
Event: 829.128 Thread 0x00000222fd6bda80 Exception <a 'java/io/IOException'{0x00000000eabbc2a0}> (0x00000000eabbc2a0) 
thrown [s\src\hotspot\share\prims\jni.cpp, line 520]
Event: 829.128 Thread 0x00000222fd6bda80 Exception <a 'java/io/IOException'{0x00000000eabbc5b0}> (0x00000000eabbc5b0) 
thrown [s\src\hotspot\share\prims\jni.cpp, line 520]
Event: 829.844 Thread 0x00000222fd6bb320 Exception <a 'java/io/FileNotFoundException'{0x00000000eab594a0}> (0x00000000eab594a0) 
thrown [s\src\hotspot\share\prims\jni.cpp, line 520]
Event: 829.889 Thread 0x00000222fd6bb320 Exception <a 'sun/nio/fs/WindowsException'{0x00000000eab71fc0}> (0x00000000eab71fc0) 
thrown [s\src\hotspot\share\prims\jni.cpp, line 520]
Event: 829.895 Thread 0x00000222fd6bb320 Exception <a 'sun/nio/fs/WindowsException'{0x00000000eab72a58}> (0x00000000eab72a58) 
thrown [s\src\hotspot\share\prims\jni.cpp, line 520]
Event: 829.908 Thread 0x00000222fd6bb320 Exception <a 'sun/nio/fs/WindowsException'{0x00000000eab736d0}> (0x00000000eab736d0) 
thrown [s\src\hotspot\share\prims\jni.cpp, line 520]
Event: 829.909 Thread 0x00000222fd6bb320 Exception <a 'sun/nio/fs/WindowsException'{0x00000000eab73d20}> (0x00000000eab73d20) 
thrown [s\src\hotspot\share\prims\jni.cpp, line 520]
Event: 829.932 Thread 0x00000222fd6bb320 Exception <a 'sun/nio/fs/WindowsException'{0x00000000eab88190}> (0x00000000eab88190) 
thrown [s\src\hotspot\share\prims\jni.cpp, line 520]
Event: 830.025 Thread 0x00000222fd958bd0 Exception <a 'sun/nio/fs/WindowsException'{0x00000000eabd4de8}> (0x00000000eabd4de8) 
thrown [s\src\hotspot\share\prims\jni.cpp, line 520]
Event: 831.243 Thread 0x00000222fd958bd0 Exception <a 'sun/nio/fs/WindowsException'{0x00000000eac9e558}> (0x00000000eac9e558) 
thrown [s\src\hotspot\share\prims\jni.cpp, line 520]

ZGC Phase Switch (0 events):
No events

VM Operations (20 events):
Event: 829.553 Executing VM operation: ParallelGCFailedAllocation (Allocation Failure) done
Event: 829.810 Executing VM operation: HandshakeAllThreads (Deoptimize)
Event: 829.810 Executing VM operation: HandshakeAllThreads (Deoptimize) done
Event: 830.043 Executing VM operation: ParallelGCFailedAllocation (Allocation Failure)
Event: 830.058 Executing VM operation: ParallelGCFailedAllocation (Allocation Failure) done
Event: 830.066 Executing VM operation: ParallelGCFailedAllocation (Allocation Failure)
Event: 830.078 Executing VM operation: ParallelGCFailedAllocation (Allocation Failure) done
Event: 830.082 Executing VM operation: ParallelGCFailedAllocation (Allocation Failure)
Event: 830.091 Executing VM operation: ParallelGCFailedAllocation (Allocation Failure) done
Event: 830.102 Executing VM operation: ParallelGCFailedAllocation (Allocation Failure)
Event: 830.109 Executing VM operation: ParallelGCFailedAllocation (Allocation Failure) done
Event: 830.136 Executing VM operation: ParallelGCFailedAllocation (Allocation Failure)
Event: 830.142 Executing VM operation: ParallelGCFailedAllocation (Allocation Failure) done
Event: 830.170 Executing VM operation: ParallelGCFailedAllocation (Allocation Failure)
Event: 830.176 Executing VM operation: ParallelGCFailedAllocation (Allocation Failure) done
Event: 830.181 Executing VM operation: ParallelGCFailedAllocation (Allocation Failure)
Event: 831.189 Executing VM operation: ParallelGCFailedAllocation (Allocation Failure) done
Event: 832.483 Executing VM operation: ParallelGCFailedAllocation (Allocation Failure)
Event: 832.493 Executing VM operation: ParallelGCFailedAllocation (Allocation Failure) done
Event: 833.495 Executing VM operation: Cleanup

Memory protections (0 events):
No events

Nmethod flushes (20 events):
Event: 77.402 Thread 0x00000222f9cf4250 flushing  nmethod 0x00000222811abc90
Event: 77.402 Thread 0x00000222f9cf4250 flushing  nmethod 0x00000222811bed90
Event: 77.402 Thread 0x00000222f9cf4250 flushing  nmethod 0x00000222811c1910
Event: 77.402 Thread 0x00000222f9cf4250 flushing  nmethod 0x00000222811c7d90
Event: 77.402 Thread 0x00000222f9cf4250 flushing  nmethod 0x00000222811ce990
Event: 77.402 Thread 0x00000222f9cf4250 flushing  nmethod 0x00000222811dc710
Event: 77.402 Thread 0x00000222f9cf4250 flushing  nmethod 0x00000222811e4310
Event: 77.402 Thread 0x00000222f9cf4250 flushing  nmethod 0x0000022281223110
Event: 77.402 Thread 0x00000222f9cf4250 flushing  nmethod 0x000002228127e710
Event: 77.402 Thread 0x00000222f9cf4250 flushing  nmethod 0x0000022281291810
Event: 77.402 Thread 0x00000222f9cf4250 flushing  nmethod 0x00000222812a5a10
Event: 77.402 Thread 0x00000222f9cf4250 flushing  nmethod 0x00000222812aaf90
Event: 77.402 Thread 0x00000222f9cf4250 flushing  nmethod 0x00000222812b1b90
Event: 77.402 Thread 0x00000222f9cf4250 flushing  nmethod 0x00000222812c4990
Event: 77.402 Thread 0x00000222f9cf4250 flushing  nmethod 0x00000222812ce310
Event: 77.402 Thread 0x00000222f9cf4250 flushing  nmethod 0x00000222812d0b10
Event: 77.402 Thread 0x00000222f9cf4250 flushing  nmethod 0x00000222812d0f10
Event: 77.402 Thread 0x00000222f9cf4250 flushing  nmethod 0x00000222812d6590
Event: 77.402 Thread 0x00000222f9cf4250 flushing  nmethod 0x00000222812e8310
Event: 77.402 Thread 0x00000222f9cf4250 flushing  nmethod 0x0000022281308d90

Events (20 events):
Event: 480.052 Thread 0x00000222fd6be7a0 Thread exited: 0x00000222fd6be7a0
Event: 555.364 Thread 0x00000222d6d30310 Thread exited: 0x00000222d6d30310
Event: 615.378 Thread 0x00000222d6d2e240 Thread exited: 0x00000222d6d2e240
Event: 675.388 Thread 0x00000222d6d2bae0 Thread exited: 0x00000222d6d2bae0
Event: 735.391 Thread 0x00000222d6d31030 Thread exited: 0x00000222d6d31030
Event: 795.420 Thread 0x00000222d6d2e8d0 Thread exited: 0x00000222d6d2e8d0
Event: 828.402 Thread 0x00000222fd6bcd60 Thread exited: 0x00000222fd6bcd60
Event: 828.428 Thread 0x00000222ff973370 Thread added: 0x00000222fd6be7a0
Event: 828.593 Thread 0x00000222fd9598f0 Thread added: 0x00000222fd6bcd60
Event: 828.597 Thread 0x00000222fd6bcd60 Thread exited: 0x00000222fd6bcd60
Event: 828.742 Thread 0x00000222fd9598f0 Thread added: 0x00000222fd6bc040
Event: 828.765 Thread 0x00000222fd6bc040 Thread added: 0x00000222fd6bcd60
Event: 828.779 Thread 0x00000222fd6bc040 Thread added: 0x00000222fd6bb320
Event: 828.805 Thread 0x00000222fd6bc040 Thread exited: 0x00000222fd6bc040
Event: 828.805 Thread 0x00000222fd6bcd60 Thread exited: 0x00000222fd6bcd60
Event: 828.805 Thread 0x00000222fd6bb320 Thread exited: 0x00000222fd6bb320
Event: 829.058 Thread 0x00000222f4922190 Thread added: 0x00000222fd6bb320
Event: 829.180 Thread 0x00000222fd6bb320 Thread added: 0x00000222fd6bc6d0
Event: 832.358 Thread 0x00000222fd958bd0 Thread exited: 0x00000222fd958bd0
Event: 832.421 Thread 0x00000222f49d0ea0 Thread added: 0x00000222feff8490


Dynamic libraries:
0x00007ff744c80000 - 0x00007ff744c8e000 	c:\Users\lijia\.vscode\extensions\redhat.java-1.41.1-win32-x64\jre\21.0.6-win32-x86_64\bin\java.exe
0x00007ffc60060000 - 0x00007ffc602c0000 	C:\WINDOWS\SYSTEM32\ntdll.dll
0x00007ffc5e650000 - 0x00007ffc5e717000 	C:\WINDOWS\System32\KERNEL32.DLL
0x00007ffc5d460000 - 0x00007ffc5d82a000 	C:\WINDOWS\System32\KERNELBASE.dll
0x00007ffc5db90000 - 0x00007ffc5dcdb000 	C:\WINDOWS\System32\ucrtbase.dll
0x00007ffc257b0000 - 0x00007ffc257c8000 	c:\Users\lijia\.vscode\extensions\redhat.java-1.41.1-win32-x64\jre\21.0.6-win32-x86_64\bin\jli.dll
0x00007ffc5e290000 - 0x00007ffc5e45c000 	C:\WINDOWS\System32\USER32.dll
0x00007ffc5d8f0000 - 0x00007ffc5d917000 	C:\WINDOWS\System32\win32u.dll
0x00007ffc5fa00000 - 0x00007ffc5fa2a000 	C:\WINDOWS\System32\GDI32.dll
0x00007ffc5d9b0000 - 0x00007ffc5dae1000 	C:\WINDOWS\System32\gdi32full.dll
0x00007ffc5d3b0000 - 0x00007ffc5d453000 	C:\WINDOWS\System32\msvcp_win.dll
0x00007ffc1cc30000 - 0x00007ffc1cc4e000 	c:\Users\lijia\.vscode\extensions\redhat.java-1.41.1-win32-x64\jre\21.0.6-win32-x86_64\bin\VCRUNTIME140.dll
0x00007ffc5c3a0000 - 0x00007ffc5c637000 	C:\WINDOWS\WinSxS\amd64_microsoft.windows.common-controls_6595b64144ccf1df_6.0.26100.3624_none_3e086962e3345f24\COMCTL32.dll
0x00007ffc5de60000 - 0x00007ffc5df09000 	C:\WINDOWS\System32\msvcrt.dll
0x00007ffc5e0c0000 - 0x00007ffc5e0ef000 	C:\WINDOWS\System32\IMM32.DLL
0x00007ffc2f300000 - 0x00007ffc2f30c000 	c:\Users\lijia\.vscode\extensions\redhat.java-1.41.1-win32-x64\jre\21.0.6-win32-x86_64\bin\vcruntime140_1.dll
0x00007ffbab500000 - 0x00007ffbab58d000 	c:\Users\lijia\.vscode\extensions\redhat.java-1.41.1-win32-x64\jre\21.0.6-win32-x86_64\bin\msvcp140.dll
0x00007ffba4720000 - 0x00007ffba54b0000 	c:\Users\lijia\.vscode\extensions\redhat.java-1.41.1-win32-x64\jre\21.0.6-win32-x86_64\bin\server\jvm.dll
0x00007ffc5e100000 - 0x00007ffc5e1b2000 	C:\WINDOWS\System32\ADVAPI32.dll
0x00007ffc5e1c0000 - 0x00007ffc5e266000 	C:\WINDOWS\System32\sechost.dll
0x00007ffc5df90000 - 0x00007ffc5e0a6000 	C:\WINDOWS\System32\RPCRT4.dll
0x00007ffc5fdc0000 - 0x00007ffc5fe34000 	C:\WINDOWS\System32\WS2_32.dll
0x00007ffc493d0000 - 0x00007ffc49406000 	C:\WINDOWS\SYSTEM32\WINMM.dll
0x00007ffc5ca70000 - 0x00007ffc5cace000 	C:\WINDOWS\SYSTEM32\POWRPROF.dll
0x00007ffc52e70000 - 0x00007ffc52e7b000 	C:\WINDOWS\SYSTEM32\VERSION.dll
0x00007ffc5c740000 - 0x00007ffc5c754000 	C:\WINDOWS\SYSTEM32\UMPDC.dll
0x00007ffc5b8f0000 - 0x00007ffc5b90a000 	C:\WINDOWS\SYSTEM32\kernel.appcore.dll
0x00007ffc2a890000 - 0x00007ffc2a89a000 	c:\Users\lijia\.vscode\extensions\redhat.java-1.41.1-win32-x64\jre\21.0.6-win32-x86_64\bin\jimage.dll
0x00007ffc5cbe0000 - 0x00007ffc5ce21000 	C:\WINDOWS\SYSTEM32\DBGHELP.DLL
0x00007ffc5fa30000 - 0x00007ffc5fdb2000 	C:\WINDOWS\System32\combase.dll
0x00007ffc5f6c0000 - 0x00007ffc5f796000 	C:\WINDOWS\System32\OLEAUT32.dll
0x00007ffc0a690000 - 0x00007ffc0a6c9000 	C:\WINDOWS\SYSTEM32\dbgcore.DLL
0x00007ffc5daf0000 - 0x00007ffc5db89000 	C:\WINDOWS\System32\bcryptPrimitives.dll
0x00007ffc2a4b0000 - 0x00007ffc2a4bf000 	c:\Users\lijia\.vscode\extensions\redhat.java-1.41.1-win32-x64\jre\21.0.6-win32-x86_64\bin\instrument.dll
0x00007ffc10fe0000 - 0x00007ffc10fff000 	c:\Users\lijia\.vscode\extensions\redhat.java-1.41.1-win32-x64\jre\21.0.6-win32-x86_64\bin\java.dll
0x00007ffc5e790000 - 0x00007ffc5eeb9000 	C:\WINDOWS\System32\SHELL32.dll
0x00007ffc5d240000 - 0x00007ffc5d3a8000 	C:\WINDOWS\System32\wintypes.dll
0x00007ffc5a7a0000 - 0x00007ffc5aff2000 	C:\WINDOWS\SYSTEM32\windows.storage.dll
0x00007ffc5f7f0000 - 0x00007ffc5f8dd000 	C:\WINDOWS\System32\SHCORE.dll
0x00007ffc5e720000 - 0x00007ffc5e784000 	C:\WINDOWS\System32\shlwapi.dll
0x00007ffc5d150000 - 0x00007ffc5d17f000 	C:\WINDOWS\SYSTEM32\profapi.dll
0x00007ffc10a80000 - 0x00007ffc10a98000 	c:\Users\lijia\.vscode\extensions\redhat.java-1.41.1-win32-x64\jre\21.0.6-win32-x86_64\bin\zip.dll
0x00007ffc21c90000 - 0x00007ffc21ca0000 	C:\Users\lijia\.vscode\extensions\redhat.java-1.41.1-win32-x64\jre\21.0.6-win32-x86_64\bin\net.dll
0x00007ffc526d0000 - 0x00007ffc527ed000 	C:\WINDOWS\SYSTEM32\WINHTTP.dll
0x00007ffc5bdb0000 - 0x00007ffc5be1a000 	C:\WINDOWS\system32\mswsock.dll
0x00007ffbf4c70000 - 0x00007ffbf4c86000 	C:\Users\lijia\.vscode\extensions\redhat.java-1.41.1-win32-x64\jre\21.0.6-win32-x86_64\bin\nio.dll
0x00007ffc11080000 - 0x00007ffc11090000 	c:\Users\lijia\.vscode\extensions\redhat.java-1.41.1-win32-x64\jre\21.0.6-win32-x86_64\bin\verify.dll
0x00007ffbab460000 - 0x00007ffbab4a5000 	C:\Users\lijia\AppData\Roaming\Code\User\globalStorage\redhat.java\1.41.1\config_win\org.eclipse.equinox.launcher\org.eclipse.equinox.launcher.win32.win32.x86_64_1.2.1300.v20250331-1702\eclipse_11911.dll
0x00007ffc5f410000 - 0x00007ffc5f5a6000 	C:\WINDOWS\System32\ole32.dll
0x00007ffc5ce50000 - 0x00007ffc5ce6c000 	C:\WINDOWS\SYSTEM32\CRYPTSP.dll
0x00007ffc5b850000 - 0x00007ffc5b88a000 	C:\WINDOWS\system32\rsaenh.dll
0x00007ffc5be60000 - 0x00007ffc5be8b000 	C:\WINDOWS\SYSTEM32\USERENV.dll
0x00007ffc5d120000 - 0x00007ffc5d146000 	C:\WINDOWS\SYSTEM32\bcrypt.dll
0x00007ffc5c020000 - 0x00007ffc5c02c000 	C:\WINDOWS\SYSTEM32\CRYPTBASE.dll
0x00007ffc5b300000 - 0x00007ffc5b333000 	C:\WINDOWS\SYSTEM32\IPHLPAPI.DLL
0x00007ffc5e0b0000 - 0x00007ffc5e0ba000 	C:\WINDOWS\System32\NSI.dll
0x00007ffbab380000 - 0x00007ffbab3c9000 	C:\Users\lijia\AppData\Local\Temp\jna-102973541\jna9459220521500723035.dll
0x00007ffc5f5b0000 - 0x00007ffc5f5b8000 	C:\WINDOWS\System32\PSAPI.DLL
0x00007ffc52e80000 - 0x00007ffc52e9f000 	C:\WINDOWS\SYSTEM32\dhcpcsvc6.DLL
0x00007ffc525e0000 - 0x00007ffc52605000 	C:\WINDOWS\SYSTEM32\dhcpcsvc.DLL
0x00007ffc0c6d0000 - 0x00007ffc0c6de000 	C:\Users\lijia\.vscode\extensions\redhat.java-1.41.1-win32-x64\jre\21.0.6-win32-x86_64\bin\sunmscapi.dll
0x00007ffc5dce0000 - 0x00007ffc5de57000 	C:\WINDOWS\System32\CRYPT32.dll
0x00007ffc5c340000 - 0x00007ffc5c370000 	C:\WINDOWS\SYSTEM32\ncrypt.dll
0x00007ffc5c2f0000 - 0x00007ffc5c32f000 	C:\WINDOWS\SYSTEM32\NTASN1.dll
0x00007ffc5b3f0000 - 0x00007ffc5b515000 	C:\WINDOWS\SYSTEM32\DNSAPI.dll
0x00007ffc52d60000 - 0x00007ffc52d6b000 	C:\Windows\System32\rasadhlp.dll
0x00007ffc51ef0000 - 0x00007ffc51f75000 	C:\WINDOWS\System32\fwpuclnt.dll
0x00007ffc44580000 - 0x00007ffc44589000 	C:\Users\lijia\.vscode\extensions\redhat.java-1.41.1-win32-x64\jre\21.0.6-win32-x86_64\bin\extnet.dll
0x00007ffc5c9a0000 - 0x00007ffc5c9d5000 	C:\WINDOWS\SYSTEM32\ntmarta.dll

dbghelp: loaded successfully - version: 4.0.5 - missing functions: none
symbol engine: initialized successfully - sym options: 0x614 - pdb path: .;c:\Users\lijia\.vscode\extensions\redhat.java-1.41.1-win32-x64\jre\21.0.6-win32-x86_64\bin;C:\WINDOWS\SYSTEM32;C:\WINDOWS\WinSxS\amd64_microsoft.windows.common-controls_6595b64144ccf1df_6.0.26100.3624_none_3e086962e3345f24;c:\Users\lijia\.vscode\extensions\redhat.java-1.41.1-win32-x64\jre\21.0.6-win32-x86_64\bin\server;C:\Users\lijia\AppData\Roaming\Code\User\globalStorage\redhat.java\1.41.1\config_win\org.eclipse.equinox.launcher\org.eclipse.equinox.launcher.win32.win32.x86_64_1.2.1300.v20250331-1702;C:\Users\lijia\AppData\Local\Temp\jna-102973541

VM Arguments:
jvm_args: --add-modules=ALL-SYSTEM --add-opens=java.base/java.util=ALL-UNNAMED --add-opens=java.base/java.lang=ALL-UNNAMED --add-opens=java.base/sun.nio.fs=ALL-UNNAMED -Declipse.application=org.eclipse.jdt.ls.core.id1 -Dosgi.bundles.defaultStartLevel=4 -Declipse.product=org.eclipse.jdt.ls.core.product -Djava.import.generatesMetadataFilesAtProjectRoot=false -DDetectVMInstallationsJob.disabled=true -Dfile.encoding=utf8 -XX:+UseParallelGC -XX:GCTimeRatio=4 -XX:AdaptiveSizePolicyWeight=90 -Dsun.zip.disableMemoryMapping=true -Xmx1G -Xms100m -Xlog:disable -javaagent:c:\Users\lijia\.vscode\extensions\redhat.java-1.41.1-win32-x64\lombok\lombok-1.18.36.jar -XX:+HeapDumpOnOutOfMemoryError -XX:HeapDumpPath=c:\Users\lijia\AppData\Roaming\Code\User\workspaceStorage\9d3810e9e887a6bb91ca0655306e05c0\redhat.java -Daether.dependencyCollector.impl=bf 
java_command: c:\Users\lijia\.vscode\extensions\redhat.java-1.41.1-win32-x64\server\plugins\org.eclipse.equinox.launcher_1.7.0.v20250331-1702.jar -configuration c:\Users\lijia\AppData\Roaming\Code\User\globalStorage\redhat.java\1.41.1\config_win -data c:\Users\lijia\AppData\Roaming\Code\User\workspaceStorage\9d3810e9e887a6bb91ca0655306e05c0\redhat.java\jdt_ws --pipe=\\.\pipe\lsp-6b630e61de678cfe7cf214d00b01eb26-sock
java_class_path (initial): c:\Users\lijia\.vscode\extensions\redhat.java-1.41.1-win32-x64\server\plugins\org.eclipse.equinox.launcher_1.7.0.v20250331-1702.jar
Launcher Type: SUN_STANDARD

[Global flags]
    uintx AdaptiveSizePolicyWeight                 = 90                                        {product} {command line}
     intx CICompilerCount                          = 12                                        {product} {ergonomic}
    uintx GCTimeRatio                              = 4                                         {product} {command line}
     bool HeapDumpOnOutOfMemoryError               = true                                   {manageable} {command line}
    ccstr HeapDumpPath                             = c:\Users\lijia\AppData\Roaming\Code\User\workspaceStorage\9d3810e9e887a6bb91ca0655306e05c0\redhat.java         {manageable} {command line}
   size_t InitialHeapSize                          = 104857600                                 {product} {command line}
   size_t MaxHeapSize                              = 1073741824                                {product} {command line}
   size_t MaxNewSize                               = 357564416                                 {product} {ergonomic}
   size_t MinHeapDeltaBytes                        = 524288                                    {product} {ergonomic}
   size_t MinHeapSize                              = 104857600                                 {product} {command line}
   size_t NewSize                                  = 34603008                                  {product} {ergonomic}
    uintx NonNMethodCodeHeapSize                   = 7602480                                {pd product} {ergonomic}
    uintx NonProfiledCodeHeapSize                  = 122027880                              {pd product} {ergonomic}
   size_t OldSize                                  = 70254592                                  {product} {ergonomic}
    uintx ProfiledCodeHeapSize                     = 122027880                              {pd product} {ergonomic}
    uintx ReservedCodeCacheSize                    = 251658240                              {pd product} {ergonomic}
     bool SegmentedCodeCache                       = true                                      {product} {ergonomic}
   size_t SoftMaxHeapSize                          = 1073741824                             {manageable} {ergonomic}
     bool UseCompressedOops                        = true                           {product lp64_product} {ergonomic}
     bool UseLargePagesIndividualAllocation        = false                                  {pd product} {ergonomic}
     bool UseParallelGC                            = true                                      {product} {command line}

Logging:
Log output configuration:
 #0: stdout all=off uptime,level,tags foldmultilines=false
 #1: stderr all=off uptime,level,tags foldmultilines=false

Environment Variables:
PATH=C:\Program Files (x86)\Common Files\Oracle\Java\java8path;C:\Program Files (x86)\Common Files\Oracle\Java\javapath;E:\VMware\bin\;C:\Program Files\PlasticSCM5\server;C:\Program Files\PlasticSCM5\client;C:\Windows\system32;C:\Windows;C:\Windows\System32\Wbem;C:\Windows\System32\WindowsPowerShell\v1.0\;C:\Windows\System32\OpenSSH\;C:\Program Files (x86)\NVIDIA Corporation\PhysX\Common;C:\Program Files\NVIDIA Corporation\NVIDIA NvDLISR;C:\WINDOWS\system32;C:\WINDOWS;C:\WINDOWS\System32\Wbem;C:\WINDOWS\System32\WindowsPowerShell\v1.0\;C:\WINDOWS\System32\OpenSSH\;C:\Program Files\Microsoft SQL Server\150\Tools\Binn\;C:\Program Files\Microsoft SQL Server\Client SDK\ODBC\170\Tools\Binn\;C:\Program Files\dotnet\;C:\Program Files (x86)\Windows Kits\10\Windows Performance Toolkit\;C:\Program Files\nodejs\;C:\Users\lijia\AppData\Roaming\Python\Python37;C:\Users\lijia\AppData\Roaming\Python\Python37\site-packages\Scripts;C:\Users\lijia\Downloads\mysql-9.1.0-winx64\mysql-9.1.0-winx64\bin;C:\Program Files\Git\cmd;C:\Users\lijia\AppData\Roaming\Python\Python37\Scripts;C:\Program Files\Microsoft Visual Studio\2022\Community\VC\Auxiliary\Build\vcvarsall.bat;C:\Program Files\Java\jre1.8.0_451\legal\jdk;C:\Program Files\Graphviz\bin;C:\Users\lijia\AppData\Local\Programs\Python\Launcher\;C:\Users\lijia\AppData\Local\Microsoft\WindowsApps;C:\Users\lijia\.dotnet\tools;D:\PyCharm Community Edition 2022.2\bin;;C:\Users\lijia\AppData\Roaming\npm;C:\Users\lijia\AppData\Local\Programs\Microsoft VS Code\bin;C:\Program Files\Bochs-2.7;
USERNAME=lijia
OS=Windows_NT
PROCESSOR_IDENTIFIER=Intel64 Family 6 Model 154 Stepping 3, GenuineIntel
TMP=C:\Users\lijia\AppData\Local\Temp
TEMP=C:\Users\lijia\AppData\Local\Temp




Periodic native trim disabled

---------------  S Y S T E M  ---------------

OS:
 Windows 11 , 64 bit Build 26100 (10.0.26100.3775)
OS uptime: 0 days 0:31 hours
Hyper-V role detected

CPU: total 20 (initial active 20) (10 cores per cpu, 2 threads per core) family 6 model 154 stepping 3 microcode 0x413, cx8, cmov, fxsr, ht, mmx, 3dnowpref, sse, sse2, sse3, ssse3, sse4.1, sse4.2, popcnt, lzcnt, tsc, tscinvbit, avx, avx2, aes, erms, clmul, bmi1, bmi2, adx, sha, fma, vzeroupper, clflush, clflushopt, clwb, hv, serialize, rdtscp, rdpid, fsrm, f16c, cet_ibt, cet_ss
Processor Information for processor 0
  Max Mhz: 2700, Current Mhz: 2700, Mhz Limit: 2700
Processor Information for processor 1
  Max Mhz: 2700, Current Mhz: 2700, Mhz Limit: 2700
Processor Information for processor 2
  Max Mhz: 2700, Current Mhz: 1489, Mhz Limit: 2700
Processor Information for processor 3
  Max Mhz: 2700, Current Mhz: 2700, Mhz Limit: 2700
Processor Information for processor 4
  Max Mhz: 2700, Current Mhz: 2700, Mhz Limit: 2700
Processor Information for processor 5
  Max Mhz: 2700, Current Mhz: 2700, Mhz Limit: 2700
Processor Information for processor 6
  Max Mhz: 2700, Current Mhz: 2700, Mhz Limit: 2700
Processor Information for processor 7
  Max Mhz: 2700, Current Mhz: 2700, Mhz Limit: 2700
Processor Information for processor 8
  Max Mhz: 2700, Current Mhz: 2700, Mhz Limit: 2700
Processor Information for processor 9
  Max Mhz: 2700, Current Mhz: 2700, Mhz Limit: 2700
Processor Information for processor 10
  Max Mhz: 2700, Current Mhz: 2700, Mhz Limit: 2700
Processor Information for processor 11
  Max Mhz: 2700, Current Mhz: 2700, Mhz Limit: 2700
Processor Information for processor 12
  Max Mhz: 2700, Current Mhz: 1995, Mhz Limit: 1971
Processor Information for processor 13
  Max Mhz: 2700, Current Mhz: 1995, Mhz Limit: 1971
Processor Information for processor 14
  Max Mhz: 2700, Current Mhz: 1995, Mhz Limit: 1971
Processor Information for processor 15
  Max Mhz: 2700, Current Mhz: 1995, Mhz Limit: 1971
Processor Information for processor 16
  Max Mhz: 2700, Current Mhz: 1995, Mhz Limit: 1971
Processor Information for processor 17
  Max Mhz: 2700, Current Mhz: 1995, Mhz Limit: 1971
Processor Information for processor 18
  Max Mhz: 2700, Current Mhz: 1995, Mhz Limit: 1971
Processor Information for processor 19
  Max Mhz: 2700, Current Mhz: 1995, Mhz Limit: 1971

Memory: 4k page, system-wide physical 16176M (342M free)
TotalPageFile size 51339M (AvailPageFile size 4M)
current process WorkingSet (physical memory assigned to process): 163M, peak: 807M
current process commit charge ("private bytes"): 852M, peak: 854M

vm_info: OpenJDK 64-Bit Server VM (21.0.6+7-LTS) for windows-amd64 JRE (21.0.6+7-LTS), built on 2025-01-21T00:00:00Z by "admin" with MS VC++ 17.7 (VS2022)

END.
